<?xml version="1.0" encoding="UTF-8"?>
<testng-results ignored="0" total="1" passed="1" failed="0" skipped="0">
  <reporter-output>
  </reporter-output>
  <suite started-at="2023-04-13T14:14:10 IST" name="Default suite" finished-at="2023-04-13T14:14:24 IST" duration-ms="14260">
    <groups>
    </groups>
    <test started-at="2023-04-13T14:14:10 IST" name="Default test" finished-at="2023-04-13T14:14:24 IST" duration-ms="14260">
      <class name="PageObjectModel.LoginPage">
        <test-method signature="login()[pri:0, instance:PageObjectModel.LoginPage@28f2a10f]" started-at="2023-04-13T14:14:10 IST" name="login" finished-at="2023-04-13T14:14:24 IST" duration-ms="14222" status="PASS">
          <reporter-output>
          </reporter-output>
        </test-method> <!-- login -->
      </class> <!-- PageObjectModel.LoginPage -->
    </test> <!-- Default test -->
  </suite> <!-- Default suite -->
</testng-results>
